<?xml version="1.0" encoding="UTF-8"?>
<!-- Generated by org.testng.reporters.JUnitReportReporter -->
<testsuite hostname="LAPTOP-ND8NQ1AE" failures="0" tests="1" name="testCases.Tc_002_Login" time="1.884" errors="0" timestamp="2022-07-14T13:17:29 IST" skipped="0">
  <testcase classname="testCases.Tc_002_Login" name="test_login" time="1.884"/>
  <system-out/>
</testsuite> <!-- testCases.Tc_002_Login -->
