<?xml version="1.0" encoding="UTF-8"?>
<!-- Generated by org.testng.reporters.JUnitReportReporter -->
<testsuite hostname="LAPTOP-ND8NQ1AE" failures="0" tests="5" name="testCases.Tc_003_LoginDDT" time="9.033" errors="0" timestamp="2022-07-13T10:27:25 IST" skipped="0">
  <testcase classname="testCases.Tc_003_LoginDDT" name="test_LoginDDT" time="1.457"/>
  <system-out/>
  <testcase classname="testCases.Tc_003_LoginDDT" name="test_LoginDDT" time="1.955"/>
  <system-out/>
  <testcase classname="testCases.Tc_003_LoginDDT" name="test_LoginDDT" time="2.838"/>
  <system-out/>
  <testcase classname="testCases.Tc_003_LoginDDT" name="test_LoginDDT" time="1.395"/>
  <system-out/>
  <testcase classname="testCases.Tc_003_LoginDDT" name="test_LoginDDT" time="1.388"/>
  <system-out/>
</testsuite> <!-- testCases.Tc_003_LoginDDT -->
