<?xml version="1.0" encoding="UTF-8"?>
<!-- Generated by org.testng.reporters.JUnitReportReporter -->
<testsuite hostname="LAPTOP-ND8NQ1AE" failures="0" tests="1" name="testCases.Tc_001_AccountRegistrationPage" time="3.540" errors="0" timestamp="2022-07-14T14:10:02 IST" skipped="0">
  <testcase classname="testCases.Tc_001_AccountRegistrationPage" name="test_account_Registration" time="3.540"/>
  <system-out/>
</testsuite> <!-- testCases.Tc_001_AccountRegistrationPage -->
